13:03:42.610 [main] DEBUG org.apache.poi.openxml4j.opc.PackageRelationshipCollection - Parsing relationship: /xl/_rels/workbook.xml.rels
13:03:42.625 [main] DEBUG org.apache.poi.openxml4j.opc.PackageRelationshipCollection - Parsing relationship: /xl/worksheets/_rels/sheet1.xml.rels
13:03:42.625 [main] DEBUG org.apache.poi.openxml4j.opc.PackageRelationshipCollection - Parsing relationship: /_rels/.rels
13:03:42.650 [main] DEBUG org.apache.poi.openxml4j.opc.PackageRelationshipCollection - Parsing relationship: /xl/_rels/workbook.xml.rels
13:03:42.650 [main] DEBUG org.apache.poi.openxml4j.opc.PackageRelationshipCollection - Parsing relationship: /xl/worksheets/_rels/sheet1.xml.rels
13:03:42.653 [main] DEBUG org.apache.poi.openxml4j.opc.PackageRelationshipCollection - Parsing relationship: /_rels/.rels
13:03:42.672 [main] DEBUG org.apache.poi.openxml4j.opc.PackageRelationshipCollection - Parsing relationship: /xl/_rels/workbook.xml.rels
13:03:42.673 [main] DEBUG org.apache.poi.openxml4j.opc.PackageRelationshipCollection - Parsing relationship: /xl/worksheets/_rels/sheet1.xml.rels
13:03:42.674 [main] DEBUG org.apache.poi.openxml4j.opc.PackageRelationshipCollection - Parsing relationship: /_rels/.rels
13:03:42.705 [main] INFO  testCases.T002_LoginTest - *** Test Start T002_LoginTest *** 
13:03:48.596 [main] INFO  testCases.T002_LoginTest - **** Finished T002_LoginTest ****
13:03:48.603 [main] INFO  testCases.T002_LoginTest - *** Test Start T002_LoginTest *** 
13:03:53.352 [main] INFO  testCases.T002_LoginTest - **** Finished T002_LoginTest ****
13:03:53.360 [main] INFO  testCases.T002_LoginTest - *** Test Start T002_LoginTest *** 
13:04:05.704 [main] INFO  testCases.T002_LoginTest - **** Finished T002_LoginTest ****
13:04:05.706 [main] INFO  testCases.T002_LoginTest - *** Test Start T002_LoginTest *** 
13:04:16.435 [main] INFO  testCases.T002_LoginTest - **** Finished T002_LoginTest ****
13:04:16.435 [main] INFO  testCases.T002_LoginTest - *** Test Start T002_LoginTest *** 
13:04:27.136 [main] INFO  testCases.T002_LoginTest - **** Finished T002_LoginTest ****
13:04:30.052 [main] INFO  testCases.T004_LoginNavigationTest - ***  LoginNavigationTest  ***
13:06:55.991 [main] DEBUG org.testng.TestNG - suiteXmlPath: "C:\Users\priyanshu\OpenCartV1\master.xml"
13:06:56.837 [main] INFO  org.testng.internal.Utils - [TestNG] Running:
  C:\Users\priyanshu\OpenCartV1\master.xml

13:07:01.762 [main] INFO  testCases.T001_AccountRegisterTest - **** Start the Case T001_AccountRegisterTest **** 
13:07:02.085 [main] INFO  testCases.T001_AccountRegisterTest - Clicked on my account
13:07:02.713 [main] INFO  testCases.T001_AccountRegisterTest - Clicked on Register Link
13:07:02.722 [main] INFO  testCases.T001_AccountRegisterTest - Providing Customer Info..
13:07:06.666 [main] INFO  testCases.T001_AccountRegisterTest - Validating Expected Message....
13:07:06.965 [main] INFO  testCases.T001_AccountRegisterTest - **** Finished T001_AccountRegisterTest ****
13:07:11.433 [main] DEBUG org.apache.poi.openxml4j.opc.PackageRelationshipCollection - Parsing relationship: /xl/_rels/workbook.xml.rels
13:07:11.455 [main] DEBUG org.apache.poi.openxml4j.opc.PackageRelationshipCollection - Parsing relationship: /xl/worksheets/_rels/sheet1.xml.rels
13:07:11.458 [main] DEBUG org.apache.poi.openxml4j.opc.PackageRelationshipCollection - Parsing relationship: /_rels/.rels
13:07:12.358 [main] DEBUG org.apache.poi.openxml4j.opc.PackageRelationshipCollection - Parsing relationship: /xl/_rels/workbook.xml.rels
13:07:12.360 [main] DEBUG org.apache.poi.openxml4j.opc.PackageRelationshipCollection - Parsing relationship: /xl/worksheets/_rels/sheet1.xml.rels
13:07:12.360 [main] DEBUG org.apache.poi.openxml4j.opc.PackageRelationshipCollection - Parsing relationship: /_rels/.rels
13:07:12.397 [main] DEBUG org.apache.poi.openxml4j.opc.PackageRelationshipCollection - Parsing relationship: /xl/_rels/workbook.xml.rels
13:07:12.399 [main] DEBUG org.apache.poi.openxml4j.opc.PackageRelationshipCollection - Parsing relationship: /xl/worksheets/_rels/sheet1.xml.rels
13:07:12.401 [main] DEBUG org.apache.poi.openxml4j.opc.PackageRelationshipCollection - Parsing relationship: /_rels/.rels
13:07:12.448 [main] DEBUG org.apache.poi.openxml4j.opc.PackageRelationshipCollection - Parsing relationship: /xl/_rels/workbook.xml.rels
13:07:12.450 [main] DEBUG org.apache.poi.openxml4j.opc.PackageRelationshipCollection - Parsing relationship: /xl/worksheets/_rels/sheet1.xml.rels
13:07:12.457 [main] DEBUG org.apache.poi.openxml4j.opc.PackageRelationshipCollection - Parsing relationship: /_rels/.rels
13:07:12.501 [main] DEBUG org.apache.poi.openxml4j.opc.PackageRelationshipCollection - Parsing relationship: /xl/_rels/workbook.xml.rels
13:07:12.507 [main] DEBUG org.apache.poi.openxml4j.opc.PackageRelationshipCollection - Parsing relationship: /xl/worksheets/_rels/sheet1.xml.rels
13:07:12.509 [main] DEBUG org.apache.poi.openxml4j.opc.PackageRelationshipCollection - Parsing relationship: /_rels/.rels
13:07:12.555 [main] DEBUG org.apache.poi.openxml4j.opc.PackageRelationshipCollection - Parsing relationship: /xl/_rels/workbook.xml.rels
13:07:12.557 [main] DEBUG org.apache.poi.openxml4j.opc.PackageRelationshipCollection - Parsing relationship: /xl/worksheets/_rels/sheet1.xml.rels
13:07:12.558 [main] DEBUG org.apache.poi.openxml4j.opc.PackageRelationshipCollection - Parsing relationship: /_rels/.rels
13:07:12.585 [main] DEBUG org.apache.poi.openxml4j.opc.PackageRelationshipCollection - Parsing relationship: /xl/_rels/workbook.xml.rels
13:07:12.587 [main] DEBUG org.apache.poi.openxml4j.opc.PackageRelationshipCollection - Parsing relationship: /xl/worksheets/_rels/sheet1.xml.rels
13:07:12.588 [main] DEBUG org.apache.poi.openxml4j.opc.PackageRelationshipCollection - Parsing relationship: /_rels/.rels
13:07:12.617 [main] DEBUG org.apache.poi.openxml4j.opc.PackageRelationshipCollection - Parsing relationship: /xl/_rels/workbook.xml.rels
13:07:12.619 [main] DEBUG org.apache.poi.openxml4j.opc.PackageRelationshipCollection - Parsing relationship: /xl/worksheets/_rels/sheet1.xml.rels
13:07:12.620 [main] DEBUG org.apache.poi.openxml4j.opc.PackageRelationshipCollection - Parsing relationship: /_rels/.rels
13:07:12.648 [main] DEBUG org.apache.poi.openxml4j.opc.PackageRelationshipCollection - Parsing relationship: /xl/_rels/workbook.xml.rels
13:07:12.648 [main] DEBUG org.apache.poi.openxml4j.opc.PackageRelationshipCollection - Parsing relationship: /xl/worksheets/_rels/sheet1.xml.rels
13:07:12.654 [main] DEBUG org.apache.poi.openxml4j.opc.PackageRelationshipCollection - Parsing relationship: /_rels/.rels
13:07:12.688 [main] DEBUG org.apache.poi.openxml4j.opc.PackageRelationshipCollection - Parsing relationship: /xl/_rels/workbook.xml.rels
13:07:12.688 [main] DEBUG org.apache.poi.openxml4j.opc.PackageRelationshipCollection - Parsing relationship: /xl/worksheets/_rels/sheet1.xml.rels
13:07:12.690 [main] DEBUG org.apache.poi.openxml4j.opc.PackageRelationshipCollection - Parsing relationship: /_rels/.rels
13:07:12.719 [main] DEBUG org.apache.poi.openxml4j.opc.PackageRelationshipCollection - Parsing relationship: /xl/_rels/workbook.xml.rels
13:07:12.721 [main] DEBUG org.apache.poi.openxml4j.opc.PackageRelationshipCollection - Parsing relationship: /xl/worksheets/_rels/sheet1.xml.rels
13:07:12.723 [main] DEBUG org.apache.poi.openxml4j.opc.PackageRelationshipCollection - Parsing relationship: /_rels/.rels
13:07:12.763 [main] DEBUG org.apache.poi.openxml4j.opc.PackageRelationshipCollection - Parsing relationship: /xl/_rels/workbook.xml.rels
13:07:12.767 [main] DEBUG org.apache.poi.openxml4j.opc.PackageRelationshipCollection - Parsing relationship: /xl/worksheets/_rels/sheet1.xml.rels
13:07:12.767 [main] DEBUG org.apache.poi.openxml4j.opc.PackageRelationshipCollection - Parsing relationship: /_rels/.rels
13:07:12.792 [main] DEBUG org.apache.poi.openxml4j.opc.PackageRelationshipCollection - Parsing relationship: /xl/_rels/workbook.xml.rels
13:07:12.793 [main] DEBUG org.apache.poi.openxml4j.opc.PackageRelationshipCollection - Parsing relationship: /xl/worksheets/_rels/sheet1.xml.rels
13:07:12.794 [main] DEBUG org.apache.poi.openxml4j.opc.PackageRelationshipCollection - Parsing relationship: /_rels/.rels
13:07:12.827 [main] DEBUG org.apache.poi.openxml4j.opc.PackageRelationshipCollection - Parsing relationship: /xl/_rels/workbook.xml.rels
13:07:12.827 [main] DEBUG org.apache.poi.openxml4j.opc.PackageRelationshipCollection - Parsing relationship: /xl/worksheets/_rels/sheet1.xml.rels
13:07:12.829 [main] DEBUG org.apache.poi.openxml4j.opc.PackageRelationshipCollection - Parsing relationship: /_rels/.rels
13:07:12.857 [main] DEBUG org.apache.poi.openxml4j.opc.PackageRelationshipCollection - Parsing relationship: /xl/_rels/workbook.xml.rels
13:07:12.858 [main] DEBUG org.apache.poi.openxml4j.opc.PackageRelationshipCollection - Parsing relationship: /xl/worksheets/_rels/sheet1.xml.rels
13:07:12.858 [main] DEBUG org.apache.poi.openxml4j.opc.PackageRelationshipCollection - Parsing relationship: /_rels/.rels
13:07:12.892 [main] DEBUG org.apache.poi.openxml4j.opc.PackageRelationshipCollection - Parsing relationship: /xl/_rels/workbook.xml.rels
13:07:12.892 [main] DEBUG org.apache.poi.openxml4j.opc.PackageRelationshipCollection - Parsing relationship: /xl/worksheets/_rels/sheet1.xml.rels
13:07:12.894 [main] DEBUG org.apache.poi.openxml4j.opc.PackageRelationshipCollection - Parsing relationship: /_rels/.rels
13:07:12.918 [main] DEBUG org.apache.poi.openxml4j.opc.PackageRelationshipCollection - Parsing relationship: /xl/_rels/workbook.xml.rels
13:07:12.919 [main] DEBUG org.apache.poi.openxml4j.opc.PackageRelationshipCollection - Parsing relationship: /xl/worksheets/_rels/sheet1.xml.rels
13:07:12.919 [main] DEBUG org.apache.poi.openxml4j.opc.PackageRelationshipCollection - Parsing relationship: /_rels/.rels
13:07:12.949 [main] INFO  testCases.T002_LoginTest - *** Test Start T002_LoginTest *** 
13:07:15.899 [main] INFO  testCases.T002_LoginTest - **** Finished T002_LoginTest ****
13:07:15.901 [main] INFO  testCases.T002_LoginTest - *** Test Start T002_LoginTest *** 
13:07:18.440 [main] INFO  testCases.T002_LoginTest - **** Finished T002_LoginTest ****
13:07:18.443 [main] INFO  testCases.T002_LoginTest - *** Test Start T002_LoginTest *** 
13:07:29.281 [main] INFO  testCases.T002_LoginTest - **** Finished T002_LoginTest ****
13:07:29.286 [main] INFO  testCases.T002_LoginTest - *** Test Start T002_LoginTest *** 
13:07:40.402 [main] INFO  testCases.T002_LoginTest - **** Finished T002_LoginTest ****
13:07:40.402 [main] INFO  testCases.T002_LoginTest - *** Test Start T002_LoginTest *** 
13:07:51.580 [main] INFO  testCases.T002_LoginTest - **** Finished T002_LoginTest ****
13:07:54.948 [main] INFO  testCases.T004_LoginNavigationTest - ***  LoginNavigationTest  ***
13:08:02.673 [main] INFO  testCases.T005_LoginAfterChangingThePassword - **** Started T005_LoginAfterChangingThePassword Test ****
13:08:18.596 [main] INFO  testCases.T006_VerifyNavigateToDifferentPagesFromLogin - ****  Started of T006_VerifyNavigateToDifferentPagesFromLogin  ****
13:40:33.536 [main] DEBUG org.testng.TestNG - suiteXmlPath: "C:\Users\priyanshu\OpenCartV1\testng.xml"
13:40:34.307 [main] INFO  org.testng.internal.Utils - [TestNG] Running:
  C:\Users\priyanshu\OpenCartV1\testng.xml

13:55:35.862 [main] DEBUG org.testng.TestNG - suiteXmlPath: "C:\Users\priyanshu\OpenCartV1\testng.xml"
13:55:36.320 [main] INFO  org.testng.internal.Utils - [TestNG] Running:
  C:\Users\priyanshu\OpenCartV1\testng.xml

13:57:07.019 [main] DEBUG org.testng.TestNG - suiteXmlPath: "C:\Users\priyanshu\OpenCartV1\testng.xml"
13:57:07.690 [main] INFO  org.testng.internal.Utils - [TestNG] Running:
  C:\Users\priyanshu\OpenCartV1\testng.xml

14:01:27.050 [main] DEBUG org.testng.TestNG - suiteXmlPath: "C:\Users\priyanshu\OpenCartV1\testng.xml"
14:01:28.004 [main] INFO  org.testng.internal.Utils - [TestNG] Running:
  C:\Users\priyanshu\OpenCartV1\testng.xml

14:12:10.123 [main] DEBUG org.testng.TestNG - suiteXmlPath: "C:\Users\priyanshu\OpenCartV1\master.xml"
14:12:10.641 [main] INFO  org.testng.internal.Utils - [TestNG] Running:
  C:\Users\priyanshu\OpenCartV1\master.xml

14:12:15.074 [main] INFO  testCases.T001_AccountRegisterTest - **** Start the Case T001_AccountRegisterTest **** 
14:12:15.361 [main] INFO  testCases.T001_AccountRegisterTest - Clicked on my account
14:12:15.923 [main] INFO  testCases.T001_AccountRegisterTest - Clicked on Register Link
14:12:15.927 [main] INFO  testCases.T001_AccountRegisterTest - Providing Customer Info..
14:12:18.401 [main] INFO  testCases.T001_AccountRegisterTest - Validating Expected Message....
14:12:18.453 [main] INFO  testCases.T001_AccountRegisterTest - **** Finished T001_AccountRegisterTest ****
14:12:21.689 [main] DEBUG org.apache.poi.openxml4j.opc.PackageRelationshipCollection - Parsing relationship: /xl/_rels/workbook.xml.rels
14:12:21.706 [main] DEBUG org.apache.poi.openxml4j.opc.PackageRelationshipCollection - Parsing relationship: /xl/worksheets/_rels/sheet1.xml.rels
14:12:21.718 [main] DEBUG org.apache.poi.openxml4j.opc.PackageRelationshipCollection - Parsing relationship: /_rels/.rels
14:12:22.680 [main] DEBUG org.apache.poi.openxml4j.opc.PackageRelationshipCollection - Parsing relationship: /xl/_rels/workbook.xml.rels
14:12:22.685 [main] DEBUG org.apache.poi.openxml4j.opc.PackageRelationshipCollection - Parsing relationship: /xl/worksheets/_rels/sheet1.xml.rels
14:12:22.688 [main] DEBUG org.apache.poi.openxml4j.opc.PackageRelationshipCollection - Parsing relationship: /_rels/.rels
14:12:22.756 [main] DEBUG org.apache.poi.openxml4j.opc.PackageRelationshipCollection - Parsing relationship: /xl/_rels/workbook.xml.rels
14:12:22.758 [main] DEBUG org.apache.poi.openxml4j.opc.PackageRelationshipCollection - Parsing relationship: /xl/worksheets/_rels/sheet1.xml.rels
14:12:22.759 [main] DEBUG org.apache.poi.openxml4j.opc.PackageRelationshipCollection - Parsing relationship: /_rels/.rels
14:12:22.809 [main] DEBUG org.apache.poi.openxml4j.opc.PackageRelationshipCollection - Parsing relationship: /xl/_rels/workbook.xml.rels
14:12:22.811 [main] DEBUG org.apache.poi.openxml4j.opc.PackageRelationshipCollection - Parsing relationship: /xl/worksheets/_rels/sheet1.xml.rels
14:12:22.812 [main] DEBUG org.apache.poi.openxml4j.opc.PackageRelationshipCollection - Parsing relationship: /_rels/.rels
14:12:22.896 [main] DEBUG org.apache.poi.openxml4j.opc.PackageRelationshipCollection - Parsing relationship: /xl/_rels/workbook.xml.rels
14:12:22.898 [main] DEBUG org.apache.poi.openxml4j.opc.PackageRelationshipCollection - Parsing relationship: /xl/worksheets/_rels/sheet1.xml.rels
14:12:22.903 [main] DEBUG org.apache.poi.openxml4j.opc.PackageRelationshipCollection - Parsing relationship: /_rels/.rels
14:12:22.969 [main] DEBUG org.apache.poi.openxml4j.opc.PackageRelationshipCollection - Parsing relationship: /xl/_rels/workbook.xml.rels
14:12:22.973 [main] DEBUG org.apache.poi.openxml4j.opc.PackageRelationshipCollection - Parsing relationship: /xl/worksheets/_rels/sheet1.xml.rels
14:12:22.977 [main] DEBUG org.apache.poi.openxml4j.opc.PackageRelationshipCollection - Parsing relationship: /_rels/.rels
14:12:23.013 [main] DEBUG org.apache.poi.openxml4j.opc.PackageRelationshipCollection - Parsing relationship: /xl/_rels/workbook.xml.rels
14:12:23.013 [main] DEBUG org.apache.poi.openxml4j.opc.PackageRelationshipCollection - Parsing relationship: /xl/worksheets/_rels/sheet1.xml.rels
14:12:23.015 [main] DEBUG org.apache.poi.openxml4j.opc.PackageRelationshipCollection - Parsing relationship: /_rels/.rels
14:12:23.048 [main] DEBUG org.apache.poi.openxml4j.opc.PackageRelationshipCollection - Parsing relationship: /xl/_rels/workbook.xml.rels
14:12:23.050 [main] DEBUG org.apache.poi.openxml4j.opc.PackageRelationshipCollection - Parsing relationship: /xl/worksheets/_rels/sheet1.xml.rels
14:12:23.050 [main] DEBUG org.apache.poi.openxml4j.opc.PackageRelationshipCollection - Parsing relationship: /_rels/.rels
14:12:23.103 [main] DEBUG org.apache.poi.openxml4j.opc.PackageRelationshipCollection - Parsing relationship: /xl/_rels/workbook.xml.rels
14:12:23.107 [main] DEBUG org.apache.poi.openxml4j.opc.PackageRelationshipCollection - Parsing relationship: /xl/worksheets/_rels/sheet1.xml.rels
14:12:23.109 [main] DEBUG org.apache.poi.openxml4j.opc.PackageRelationshipCollection - Parsing relationship: /_rels/.rels
14:12:23.146 [main] DEBUG org.apache.poi.openxml4j.opc.PackageRelationshipCollection - Parsing relationship: /xl/_rels/workbook.xml.rels
14:12:23.150 [main] DEBUG org.apache.poi.openxml4j.opc.PackageRelationshipCollection - Parsing relationship: /xl/worksheets/_rels/sheet1.xml.rels
14:12:23.153 [main] DEBUG org.apache.poi.openxml4j.opc.PackageRelationshipCollection - Parsing relationship: /_rels/.rels
14:12:23.185 [main] DEBUG org.apache.poi.openxml4j.opc.PackageRelationshipCollection - Parsing relationship: /xl/_rels/workbook.xml.rels
14:12:23.187 [main] DEBUG org.apache.poi.openxml4j.opc.PackageRelationshipCollection - Parsing relationship: /xl/worksheets/_rels/sheet1.xml.rels
14:12:23.189 [main] DEBUG org.apache.poi.openxml4j.opc.PackageRelationshipCollection - Parsing relationship: /_rels/.rels
14:12:23.230 [main] DEBUG org.apache.poi.openxml4j.opc.PackageRelationshipCollection - Parsing relationship: /xl/_rels/workbook.xml.rels
14:12:23.230 [main] DEBUG org.apache.poi.openxml4j.opc.PackageRelationshipCollection - Parsing relationship: /xl/worksheets/_rels/sheet1.xml.rels
14:12:23.233 [main] DEBUG org.apache.poi.openxml4j.opc.PackageRelationshipCollection - Parsing relationship: /_rels/.rels
14:12:23.267 [main] DEBUG org.apache.poi.openxml4j.opc.PackageRelationshipCollection - Parsing relationship: /xl/_rels/workbook.xml.rels
14:12:23.267 [main] DEBUG org.apache.poi.openxml4j.opc.PackageRelationshipCollection - Parsing relationship: /xl/worksheets/_rels/sheet1.xml.rels
14:12:23.269 [main] DEBUG org.apache.poi.openxml4j.opc.PackageRelationshipCollection - Parsing relationship: /_rels/.rels
14:12:23.316 [main] DEBUG org.apache.poi.openxml4j.opc.PackageRelationshipCollection - Parsing relationship: /xl/_rels/workbook.xml.rels
14:12:23.318 [main] DEBUG org.apache.poi.openxml4j.opc.PackageRelationshipCollection - Parsing relationship: /xl/worksheets/_rels/sheet1.xml.rels
14:12:23.324 [main] DEBUG org.apache.poi.openxml4j.opc.PackageRelationshipCollection - Parsing relationship: /_rels/.rels
14:12:23.363 [main] DEBUG org.apache.poi.openxml4j.opc.PackageRelationshipCollection - Parsing relationship: /xl/_rels/workbook.xml.rels
14:12:23.363 [main] DEBUG org.apache.poi.openxml4j.opc.PackageRelationshipCollection - Parsing relationship: /xl/worksheets/_rels/sheet1.xml.rels
14:12:23.368 [main] DEBUG org.apache.poi.openxml4j.opc.PackageRelationshipCollection - Parsing relationship: /_rels/.rels
14:12:23.391 [main] DEBUG org.apache.poi.openxml4j.opc.PackageRelationshipCollection - Parsing relationship: /xl/_rels/workbook.xml.rels
14:12:23.395 [main] DEBUG org.apache.poi.openxml4j.opc.PackageRelationshipCollection - Parsing relationship: /xl/worksheets/_rels/sheet1.xml.rels
14:12:23.397 [main] DEBUG org.apache.poi.openxml4j.opc.PackageRelationshipCollection - Parsing relationship: /_rels/.rels
14:12:23.417 [main] DEBUG org.apache.poi.openxml4j.opc.PackageRelationshipCollection - Parsing relationship: /xl/_rels/workbook.xml.rels
14:12:23.419 [main] DEBUG org.apache.poi.openxml4j.opc.PackageRelationshipCollection - Parsing relationship: /xl/worksheets/_rels/sheet1.xml.rels
14:12:23.421 [main] DEBUG org.apache.poi.openxml4j.opc.PackageRelationshipCollection - Parsing relationship: /_rels/.rels
14:12:23.449 [main] INFO  testCases.T002_LoginTest - *** Test Start T002_LoginTest *** 
14:12:26.317 [main] INFO  testCases.T002_LoginTest - **** Finished T002_LoginTest ****
14:12:26.323 [main] INFO  testCases.T002_LoginTest - *** Test Start T002_LoginTest *** 
14:12:28.637 [main] INFO  testCases.T002_LoginTest - **** Finished T002_LoginTest ****
14:12:28.637 [main] INFO  testCases.T002_LoginTest - *** Test Start T002_LoginTest *** 
14:12:40.011 [main] INFO  testCases.T002_LoginTest - **** Finished T002_LoginTest ****
14:12:40.017 [main] INFO  testCases.T002_LoginTest - *** Test Start T002_LoginTest *** 
14:12:50.713 [main] INFO  testCases.T002_LoginTest - **** Finished T002_LoginTest ****
14:12:50.729 [main] INFO  testCases.T002_LoginTest - *** Test Start T002_LoginTest *** 
14:13:02.261 [main] INFO  testCases.T002_LoginTest - **** Finished T002_LoginTest ****
14:13:05.135 [main] INFO  testCases.T003_ForgotPasswordTest - **** Start T003_ForgotPasswordTest ****
14:13:10.523 [main] INFO  testCases.T003_ForgotPasswordTest - **** Finished T002_ForgotPasswordTest  ****
14:13:15.168 [main] INFO  testCases.T004_LoginNavigationTest - ***  LoginNavigationTest  ***
14:13:20.375 [main] INFO  testCases.T005_LoginAfterChangingThePassword - **** Started T005_LoginAfterChangingThePassword Test ****
14:13:27.204 [main] INFO  testCases.T005_LoginAfterChangingThePassword - **** Finished T005_LoginAfterChangingThePassword Test ****
14:13:29.713 [main] INFO  testCases.T006_VerifyNavigateToDifferentPagesFromLogin - ****  Started of T006_VerifyNavigateToDifferentPagesFromLogin  ****
