17:50:45.949 [main] INFO  testCases.T003_ForgotPasswordTest - **** Start the Case T001_AccountRegisterTest **** 
17:50:49.429 [main] INFO  testCases.T003_ForgotPasswordTest - **** Finished T002_ForgotPasswordTest  ****
17:56:29.904 [main] DEBUG org.testng.TestNG - suiteXmlPath: "C:\Users\priyanshu\OpenCartV1\master.xml"
17:56:30.278 [main] INFO  org.testng.internal.Utils - [TestNG] Running:
  C:\Users\priyanshu\OpenCartV1\master.xml

17:56:33.887 [main] INFO  testCases.T003_ForgotPasswordTest - **** Start T003_ForgotPasswordTest ****
17:56:37.319 [main] INFO  testCases.T003_ForgotPasswordTest - **** Finished T002_ForgotPasswordTest  ****
18:04:59.713 [main] DEBUG org.testng.TestNG - suiteXmlPath: "C:\Users\priyanshu\OpenCartV1\master.xml"
18:05:00.154 [main] INFO  org.testng.internal.Utils - [TestNG] Running:
  C:\Users\priyanshu\OpenCartV1\master.xml

18:05:03.888 [main] DEBUG org.apache.poi.openxml4j.opc.PackageRelationshipCollection - Parsing relationship: /xl/_rels/workbook.xml.rels
18:05:03.893 [main] DEBUG org.apache.poi.openxml4j.opc.PackageRelationshipCollection - Parsing relationship: /xl/worksheets/_rels/sheet1.xml.rels
18:05:03.963 [main] DEBUG org.apache.poi.openxml4j.opc.PackageRelationshipCollection - Parsing relationship: /_rels/.rels
18:05:06.499 [main] DEBUG org.apache.poi.openxml4j.opc.PackageRelationshipCollection - Parsing relationship: /xl/_rels/workbook.xml.rels
18:05:06.503 [main] DEBUG org.apache.poi.openxml4j.opc.PackageRelationshipCollection - Parsing relationship: /xl/worksheets/_rels/sheet1.xml.rels
18:05:06.508 [main] DEBUG org.apache.poi.openxml4j.opc.PackageRelationshipCollection - Parsing relationship: /_rels/.rels
18:05:07.022 [main] DEBUG org.apache.poi.openxml4j.opc.PackageRelationshipCollection - Parsing relationship: /xl/_rels/workbook.xml.rels
18:05:07.024 [main] DEBUG org.apache.poi.openxml4j.opc.PackageRelationshipCollection - Parsing relationship: /xl/worksheets/_rels/sheet1.xml.rels
18:05:07.026 [main] DEBUG org.apache.poi.openxml4j.opc.PackageRelationshipCollection - Parsing relationship: /_rels/.rels
18:05:07.059 [main] DEBUG org.apache.poi.openxml4j.opc.PackageRelationshipCollection - Parsing relationship: /xl/_rels/workbook.xml.rels
18:05:07.063 [main] DEBUG org.apache.poi.openxml4j.opc.PackageRelationshipCollection - Parsing relationship: /xl/worksheets/_rels/sheet1.xml.rels
18:05:07.065 [main] DEBUG org.apache.poi.openxml4j.opc.PackageRelationshipCollection - Parsing relationship: /_rels/.rels
18:05:07.100 [main] DEBUG org.apache.poi.openxml4j.opc.PackageRelationshipCollection - Parsing relationship: /xl/_rels/workbook.xml.rels
18:05:07.104 [main] DEBUG org.apache.poi.openxml4j.opc.PackageRelationshipCollection - Parsing relationship: /xl/worksheets/_rels/sheet1.xml.rels
18:05:07.118 [main] DEBUG org.apache.poi.openxml4j.opc.PackageRelationshipCollection - Parsing relationship: /_rels/.rels
18:05:07.167 [main] DEBUG org.apache.poi.openxml4j.opc.PackageRelationshipCollection - Parsing relationship: /xl/_rels/workbook.xml.rels
18:05:07.167 [main] DEBUG org.apache.poi.openxml4j.opc.PackageRelationshipCollection - Parsing relationship: /xl/worksheets/_rels/sheet1.xml.rels
18:05:07.167 [main] DEBUG org.apache.poi.openxml4j.opc.PackageRelationshipCollection - Parsing relationship: /_rels/.rels
18:05:07.184 [main] DEBUG org.apache.poi.openxml4j.opc.PackageRelationshipCollection - Parsing relationship: /xl/_rels/workbook.xml.rels
18:05:07.187 [main] DEBUG org.apache.poi.openxml4j.opc.PackageRelationshipCollection - Parsing relationship: /xl/worksheets/_rels/sheet1.xml.rels
18:05:07.189 [main] DEBUG org.apache.poi.openxml4j.opc.PackageRelationshipCollection - Parsing relationship: /_rels/.rels
18:05:07.207 [main] DEBUG org.apache.poi.openxml4j.opc.PackageRelationshipCollection - Parsing relationship: /xl/_rels/workbook.xml.rels
18:05:07.207 [main] DEBUG org.apache.poi.openxml4j.opc.PackageRelationshipCollection - Parsing relationship: /xl/worksheets/_rels/sheet1.xml.rels
18:05:07.207 [main] DEBUG org.apache.poi.openxml4j.opc.PackageRelationshipCollection - Parsing relationship: /_rels/.rels
18:05:07.235 [main] DEBUG org.apache.poi.openxml4j.opc.PackageRelationshipCollection - Parsing relationship: /xl/_rels/workbook.xml.rels
18:05:07.237 [main] DEBUG org.apache.poi.openxml4j.opc.PackageRelationshipCollection - Parsing relationship: /xl/worksheets/_rels/sheet1.xml.rels
18:05:07.239 [main] DEBUG org.apache.poi.openxml4j.opc.PackageRelationshipCollection - Parsing relationship: /_rels/.rels
18:05:07.265 [main] DEBUG org.apache.poi.openxml4j.opc.PackageRelationshipCollection - Parsing relationship: /xl/_rels/workbook.xml.rels
18:05:07.265 [main] DEBUG org.apache.poi.openxml4j.opc.PackageRelationshipCollection - Parsing relationship: /xl/worksheets/_rels/sheet1.xml.rels
18:05:07.267 [main] DEBUG org.apache.poi.openxml4j.opc.PackageRelationshipCollection - Parsing relationship: /_rels/.rels
18:05:07.296 [main] DEBUG org.apache.poi.openxml4j.opc.PackageRelationshipCollection - Parsing relationship: /xl/_rels/workbook.xml.rels
18:05:07.298 [main] DEBUG org.apache.poi.openxml4j.opc.PackageRelationshipCollection - Parsing relationship: /xl/worksheets/_rels/sheet1.xml.rels
18:05:07.299 [main] DEBUG org.apache.poi.openxml4j.opc.PackageRelationshipCollection - Parsing relationship: /_rels/.rels
18:05:07.320 [main] DEBUG org.apache.poi.openxml4j.opc.PackageRelationshipCollection - Parsing relationship: /xl/_rels/workbook.xml.rels
18:05:07.324 [main] DEBUG org.apache.poi.openxml4j.opc.PackageRelationshipCollection - Parsing relationship: /xl/worksheets/_rels/sheet1.xml.rels
18:05:07.324 [main] DEBUG org.apache.poi.openxml4j.opc.PackageRelationshipCollection - Parsing relationship: /_rels/.rels
18:05:07.345 [main] DEBUG org.apache.poi.openxml4j.opc.PackageRelationshipCollection - Parsing relationship: /xl/_rels/workbook.xml.rels
18:05:07.347 [main] DEBUG org.apache.poi.openxml4j.opc.PackageRelationshipCollection - Parsing relationship: /xl/worksheets/_rels/sheet1.xml.rels
18:05:07.347 [main] DEBUG org.apache.poi.openxml4j.opc.PackageRelationshipCollection - Parsing relationship: /_rels/.rels
18:05:07.376 [main] DEBUG org.apache.poi.openxml4j.opc.PackageRelationshipCollection - Parsing relationship: /xl/_rels/workbook.xml.rels
18:05:07.377 [main] DEBUG org.apache.poi.openxml4j.opc.PackageRelationshipCollection - Parsing relationship: /xl/worksheets/_rels/sheet1.xml.rels
18:05:07.379 [main] DEBUG org.apache.poi.openxml4j.opc.PackageRelationshipCollection - Parsing relationship: /_rels/.rels
18:05:07.416 [main] DEBUG org.apache.poi.openxml4j.opc.PackageRelationshipCollection - Parsing relationship: /xl/_rels/workbook.xml.rels
18:05:07.420 [main] DEBUG org.apache.poi.openxml4j.opc.PackageRelationshipCollection - Parsing relationship: /xl/worksheets/_rels/sheet1.xml.rels
18:05:07.420 [main] DEBUG org.apache.poi.openxml4j.opc.PackageRelationshipCollection - Parsing relationship: /_rels/.rels
18:05:07.495 [main] DEBUG org.apache.poi.openxml4j.opc.PackageRelationshipCollection - Parsing relationship: /xl/_rels/workbook.xml.rels
18:05:07.496 [main] DEBUG org.apache.poi.openxml4j.opc.PackageRelationshipCollection - Parsing relationship: /xl/worksheets/_rels/sheet1.xml.rels
18:05:07.496 [main] DEBUG org.apache.poi.openxml4j.opc.PackageRelationshipCollection - Parsing relationship: /_rels/.rels
18:05:07.562 [main] DEBUG org.apache.poi.openxml4j.opc.PackageRelationshipCollection - Parsing relationship: /xl/_rels/workbook.xml.rels
18:05:07.564 [main] DEBUG org.apache.poi.openxml4j.opc.PackageRelationshipCollection - Parsing relationship: /xl/worksheets/_rels/sheet1.xml.rels
18:05:07.569 [main] DEBUG org.apache.poi.openxml4j.opc.PackageRelationshipCollection - Parsing relationship: /_rels/.rels
18:05:07.613 [main] INFO  testCases.T002_LoginTest - *** Test Start T002_LoginTest *** 
18:05:11.059 [main] INFO  testCases.T002_LoginTest - **** Finished T002_LoginTest ****
18:05:11.073 [main] INFO  testCases.T002_LoginTest - *** Test Start T002_LoginTest *** 
18:05:16.017 [main] INFO  testCases.T002_LoginTest - **** Finished T002_LoginTest ****
18:05:16.021 [main] INFO  testCases.T002_LoginTest - *** Test Start T002_LoginTest *** 
18:05:26.960 [main] INFO  testCases.T002_LoginTest - **** Finished T002_LoginTest ****
18:05:26.962 [main] INFO  testCases.T002_LoginTest - *** Test Start T002_LoginTest *** 
18:05:38.805 [main] INFO  testCases.T002_LoginTest - **** Finished T002_LoginTest ****
18:05:38.811 [main] INFO  testCases.T002_LoginTest - *** Test Start T002_LoginTest *** 
18:05:49.537 [main] INFO  testCases.T002_LoginTest - **** Finished T002_LoginTest ****
18:05:52.403 [main] INFO  testCases.T003_ForgotPasswordTest - **** Start T003_ForgotPasswordTest ****
18:05:55.975 [main] INFO  testCases.T003_ForgotPasswordTest - **** Finished T002_ForgotPasswordTest  ****
23:36:26.367 [main] DEBUG org.testng.TestNG - suiteXmlPath: "C:\Users\priyanshu\AppData\Local\JetBrains\IntelliJIdea2025.3\temp-testng-customsuite.xml"
23:36:26.948 [main] INFO  org.testng.internal.Utils - [TestNG] Running:
  C:\Users\priyanshu\AppData\Local\JetBrains\IntelliJIdea2025.3\temp-testng-customsuite.xml

23:39:14.118 [main] DEBUG org.testng.TestNG - suiteXmlPath: "C:\Users\priyanshu\OpenCartV1\master.xml"
00:08:08.852 [main] DEBUG org.testng.TestNG - suiteXmlPath: "C:\Users\priyanshu\OpenCartV1\master.xml"
00:08:09.602 [main] INFO  org.testng.internal.Utils - [TestNG] Running:
  C:\Users\priyanshu\OpenCartV1\master.xml

00:08:17.942 [main] INFO  testCases.T004_LoginNavigationTest - ***  LoginNavigationTest  ***
00:09:07.542 [main] DEBUG org.testng.TestNG - suiteXmlPath: "C:\Users\priyanshu\OpenCartV1\master.xml"
00:09:08.274 [main] INFO  org.testng.internal.Utils - [TestNG] Running:
  C:\Users\priyanshu\OpenCartV1\master.xml

00:09:14.202 [main] INFO  testCases.T004_LoginNavigationTest - ***  LoginNavigationTest  ***
00:10:34.110 [main] DEBUG org.testng.TestNG - suiteXmlPath: "C:\Users\priyanshu\OpenCartV1\master.xml"
00:10:34.659 [main] INFO  org.testng.internal.Utils - [TestNG] Running:
  C:\Users\priyanshu\OpenCartV1\master.xml

00:10:38.810 [main] INFO  testCases.T004_LoginNavigationTest - ***  LoginNavigationTest  ***
10:51:24.210 [main] DEBUG org.testng.TestNG - suiteXmlPath: "C:\Users\priyanshu\OpenCartV1\master.xml"
10:51:24.697 [main] INFO  org.testng.internal.Utils - [TestNG] Running:
  C:\Users\priyanshu\OpenCartV1\master.xml

10:51:31.149 [main] INFO  testCases.T005_LoginAfterChangingThePassword - T005_LoginAfterChangingThePassword
11:21:56.789 [main] DEBUG org.testng.TestNG - suiteXmlPath: "C:\Users\priyanshu\OpenCartV1\master.xml"
11:21:57.213 [main] INFO  org.testng.internal.Utils - [TestNG] Running:
  C:\Users\priyanshu\OpenCartV1\master.xml

11:22:01.293 [main] INFO  testCases.T005_LoginAfterChangingThePassword - **** Started T005_LoginAfterChangingThePassword Test ****
11:23:59.571 [main] DEBUG org.testng.TestNG - suiteXmlPath: "C:\Users\priyanshu\OpenCartV1\master.xml"
11:24:00.005 [main] INFO  org.testng.internal.Utils - [TestNG] Running:
  C:\Users\priyanshu\OpenCartV1\master.xml

11:24:03.342 [main] INFO  testCases.T005_LoginAfterChangingThePassword - **** Started T005_LoginAfterChangingThePassword Test ****
11:26:03.651 [main] DEBUG org.testng.TestNG - suiteXmlPath: "C:\Users\priyanshu\OpenCartV1\master.xml"
11:26:04.090 [main] INFO  org.testng.internal.Utils - [TestNG] Running:
  C:\Users\priyanshu\OpenCartV1\master.xml

11:26:07.743 [main] INFO  testCases.T005_LoginAfterChangingThePassword - **** Started T005_LoginAfterChangingThePassword Test ****
11:26:14.292 [main] INFO  testCases.T005_LoginAfterChangingThePassword - **** Finished T005_LoginAfterChangingThePassword Test  ****
11:47:33.834 [main] DEBUG org.testng.TestNG - suiteXmlPath: "C:\Users\priyanshu\OpenCartV1\master.xml"
11:47:34.233 [main] INFO  org.testng.internal.Utils - [TestNG] Running:
  C:\Users\priyanshu\OpenCartV1\master.xml

11:47:42.947 [main] INFO  testCases.T005_LoginAfterChangingThePassword - **** Started T005_LoginAfterChangingThePassword Test ****
11:58:29.267 [main] DEBUG org.testng.TestNG - suiteXmlPath: "C:\Users\priyanshu\OpenCartV1\master.xml"
11:58:29.687 [main] INFO  org.testng.internal.Utils - [TestNG] Running:
  C:\Users\priyanshu\OpenCartV1\master.xml

11:58:35.055 [main] INFO  testCases.T005_LoginAfterChangingThePassword - **** Started T005_LoginAfterChangingThePassword Test ****
12:05:22.745 [main] DEBUG org.testng.TestNG - suiteXmlPath: "C:\Users\priyanshu\OpenCartV1\master.xml"
12:05:23.158 [main] INFO  org.testng.internal.Utils - [TestNG] Running:
  C:\Users\priyanshu\OpenCartV1\master.xml

12:05:27.034 [main] INFO  testCases.T005_LoginAfterChangingThePassword - **** Started T005_LoginAfterChangingThePassword Test ****
12:06:44.116 [main] DEBUG org.testng.TestNG - suiteXmlPath: "C:\Users\priyanshu\OpenCartV1\master.xml"
12:06:44.513 [main] INFO  org.testng.internal.Utils - [TestNG] Running:
  C:\Users\priyanshu\OpenCartV1\master.xml

12:07:22.782 [main] DEBUG org.testng.TestNG - suiteXmlPath: "C:\Users\priyanshu\OpenCartV1\master.xml"
12:07:23.182 [main] INFO  org.testng.internal.Utils - [TestNG] Running:
  C:\Users\priyanshu\OpenCartV1\master.xml

12:07:26.486 [main] INFO  testCases.T005_LoginAfterChangingThePassword - **** Started T005_LoginAfterChangingThePassword Test ****
12:07:33.239 [main] INFO  testCases.T005_LoginAfterChangingThePassword - **** Finished T005_LoginAfterChangingThePassword Test ****
12:17:23.860 [main] DEBUG org.testng.TestNG - suiteXmlPath: "C:\Users\priyanshu\OpenCartV1\master.xml"
12:17:24.273 [main] INFO  org.testng.internal.Utils - [TestNG] Running:
  C:\Users\priyanshu\OpenCartV1\master.xml

12:17:29.143 [main] INFO  testCases.T005_LoginAfterChangingThePassword - **** Started T005_LoginAfterChangingThePassword Test ****
12:17:51.725 [main] DEBUG org.testng.TestNG - suiteXmlPath: "C:\Users\priyanshu\OpenCartV1\master.xml"
12:17:52.133 [main] INFO  org.testng.internal.Utils - [TestNG] Running:
  C:\Users\priyanshu\OpenCartV1\master.xml

12:17:55.515 [main] INFO  testCases.T005_LoginAfterChangingThePassword - **** Started T005_LoginAfterChangingThePassword Test ****
12:19:50.901 [main] DEBUG org.testng.TestNG - suiteXmlPath: "C:\Users\priyanshu\OpenCartV1\master.xml"
12:19:51.301 [main] INFO  org.testng.internal.Utils - [TestNG] Running:
  C:\Users\priyanshu\OpenCartV1\master.xml

12:19:54.461 [main] INFO  testCases.T005_LoginAfterChangingThePassword - **** Started T005_LoginAfterChangingThePassword Test ****
12:20:02.917 [main] INFO  testCases.T005_LoginAfterChangingThePassword - **** Finished T005_LoginAfterChangingThePassword Test ****
16:35:38.486 [main] DEBUG org.testng.TestNG - suiteXmlPath: "C:\Users\priyanshu\OpenCartV1\master.xml"
16:35:39.045 [main] INFO  org.testng.internal.Utils - [TestNG] Running:
  C:\Users\priyanshu\OpenCartV1\master.xml

16:44:29.991 [main] DEBUG org.testng.TestNG - suiteXmlPath: "C:\Users\priyanshu\OpenCartV1\master.xml"
16:44:30.383 [main] INFO  org.testng.internal.Utils - [TestNG] Running:
  C:\Users\priyanshu\OpenCartV1\master.xml

16:44:33.623 [main] INFO  testCases.T006_VerifyNavigateToDifferentPagesFromLogin - ****  Started of T006_VerifyNavigateToDifferentPagesFromLogin  ****
18:19:17.731 [main] DEBUG org.testng.TestNG - suiteXmlPath: "C:\Users\priyanshu\OpenCartV1\master.xml"
18:19:18.166 [main] INFO  org.testng.internal.Utils - [TestNG] Running:
  C:\Users\priyanshu\OpenCartV1\master.xml

18:21:30.491 [main] DEBUG org.testng.TestNG - suiteXmlPath: "C:\Users\priyanshu\OpenCartV1\master.xml"
18:21:30.869 [main] INFO  org.testng.internal.Utils - [TestNG] Running:
  C:\Users\priyanshu\OpenCartV1\master.xml

18:25:28.880 [main] DEBUG org.testng.TestNG - suiteXmlPath: "C:\Users\priyanshu\OpenCartV1\master.xml"
18:25:29.267 [main] INFO  org.testng.internal.Utils - [TestNG] Running:
  C:\Users\priyanshu\OpenCartV1\master.xml

18:28:07.772 [main] DEBUG org.testng.TestNG - suiteXmlPath: "C:\Users\priyanshu\OpenCartV1\master.xml"
18:28:08.153 [main] INFO  org.testng.internal.Utils - [TestNG] Running:
  C:\Users\priyanshu\OpenCartV1\master.xml

18:34:39.085 [main] DEBUG org.testng.TestNG - suiteXmlPath: "C:\Users\priyanshu\OpenCartV1\master.xml"
18:34:39.459 [main] INFO  org.testng.internal.Utils - [TestNG] Running:
  C:\Users\priyanshu\OpenCartV1\master.xml

18:37:45.299 [main] DEBUG org.testng.TestNG - suiteXmlPath: "C:\Users\priyanshu\OpenCartV1\master.xml"
18:37:45.685 [main] INFO  org.testng.internal.Utils - [TestNG] Running:
  C:\Users\priyanshu\OpenCartV1\master.xml

18:54:29.318 [main] DEBUG org.testng.TestNG - suiteXmlPath: "C:\Users\priyanshu\OpenCartV1\master.xml"
18:54:29.712 [main] INFO  org.testng.internal.Utils - [TestNG] Running:
  C:\Users\priyanshu\OpenCartV1\master.xml

11:35:42.841 [main] DEBUG org.testng.TestNG - suiteXmlPath: "C:\Users\priyanshu\OpenCartV1\master.xml"
11:35:43.297 [main] INFO  org.testng.internal.Utils - [TestNG] Running:
  C:\Users\priyanshu\OpenCartV1\master.xml

11:47:56.350 [main] DEBUG org.testng.TestNG - suiteXmlPath: "C:\Users\priyanshu\OpenCartV1\master.xml"
11:47:56.781 [main] INFO  org.testng.internal.Utils - [TestNG] Running:
  C:\Users\priyanshu\OpenCartV1\master.xml

18:27:39.148 [main] DEBUG org.testng.TestNG - suiteXmlPath: "C:\Users\priyanshu\OpenCartV1\testng.xml"
18:27:39.600 [main] INFO  org.testng.internal.Utils - [TestNG] Running:
  C:\Users\priyanshu\OpenCartV1\testng.xml

18:37:48.092 [main] DEBUG org.testng.TestNG - suiteXmlPath: "C:\Users\priyanshu\OpenCartV1\testng.xml"
18:37:48.492 [main] INFO  org.testng.internal.Utils - [TestNG] Running:
  C:\Users\priyanshu\OpenCartV1\testng.xml

18:39:21.947 [main] DEBUG org.testng.TestNG - suiteXmlPath: "C:\Users\priyanshu\OpenCartV1\master.xml"
18:39:22.360 [main] INFO  org.testng.internal.Utils - [TestNG] Running:
  C:\Users\priyanshu\OpenCartV1\master.xml

18:51:08.089 [main] DEBUG org.testng.TestNG - suiteXmlPath: "C:\Users\priyanshu\OpenCartV1\testng.xml"
18:51:08.450 [main] INFO  org.testng.internal.Utils - [TestNG] Running:
  C:\Users\priyanshu\OpenCartV1\testng.xml

18:51:37.926 [main] DEBUG org.testng.TestNG - suiteXmlPath: "C:\Users\priyanshu\OpenCartV1\testng.xml"
18:51:38.305 [main] INFO  org.testng.internal.Utils - [TestNG] Running:
  C:\Users\priyanshu\OpenCartV1\testng.xml

19:09:26.317 [main] DEBUG org.testng.TestNG - suiteXmlPath: "C:\Users\priyanshu\OpenCartV1\testng.xml"
19:09:26.847 [main] INFO  org.testng.internal.Utils - [TestNG] Running:
  C:\Users\priyanshu\OpenCartV1\testng.xml

19:25:48.590 [main] DEBUG org.testng.TestNG - suiteXmlPath: "C:\Users\priyanshu\OpenCartV1\testng.xml"
19:25:49.169 [main] INFO  org.testng.internal.Utils - [TestNG] Running:
  C:\Users\priyanshu\OpenCartV1\testng.xml

19:29:35.202 [main] DEBUG org.testng.TestNG - suiteXmlPath: "C:\Users\priyanshu\OpenCartV1\testng.xml"
19:29:35.613 [main] INFO  org.testng.internal.Utils - [TestNG] Running:
  C:\Users\priyanshu\OpenCartV1\testng.xml

09:17:54.991 [main] DEBUG org.testng.TestNG - suiteXmlPath: "C:\Users\priyanshu\OpenCartV1\testng.xml"
09:17:55.529 [main] INFO  org.testng.internal.Utils - [TestNG] Running:
  C:\Users\priyanshu\OpenCartV1\testng.xml

09:18:38.783 [main] DEBUG org.testng.TestNG - suiteXmlPath: "C:\Users\priyanshu\OpenCartV1\testng.xml"
09:18:39.163 [main] INFO  org.testng.internal.Utils - [TestNG] Running:
  C:\Users\priyanshu\OpenCartV1\testng.xml

09:24:24.376 [main] DEBUG org.testng.TestNG - suiteXmlPath: "C:\Users\priyanshu\OpenCartV1\testng.xml"
09:24:24.808 [main] INFO  org.testng.internal.Utils - [TestNG] Running:
  C:\Users\priyanshu\OpenCartV1\testng.xml

09:28:43.363 [main] DEBUG org.testng.TestNG - suiteXmlPath: "C:\Users\priyanshu\OpenCartV1\testng.xml"
09:28:43.817 [main] INFO  org.testng.internal.Utils - [TestNG] Running:
  C:\Users\priyanshu\OpenCartV1\testng.xml

09:29:10.097 [main] DEBUG org.testng.TestNG - suiteXmlPath: "C:\Users\priyanshu\OpenCartV1\testng.xml"
09:29:10.528 [main] INFO  org.testng.internal.Utils - [TestNG] Running:
  C:\Users\priyanshu\OpenCartV1\testng.xml

09:29:26.147 [main] DEBUG org.testng.TestNG - suiteXmlPath: "C:\Users\priyanshu\OpenCartV1\testng.xml"
09:29:26.575 [main] INFO  org.testng.internal.Utils - [TestNG] Running:
  C:\Users\priyanshu\OpenCartV1\testng.xml

09:30:38.510 [main] DEBUG org.testng.TestNG - suiteXmlPath: "C:\Users\priyanshu\OpenCartV1\testng.xml"
09:30:38.911 [main] INFO  org.testng.internal.Utils - [TestNG] Running:
  C:\Users\priyanshu\OpenCartV1\testng.xml

09:31:47.526 [main] DEBUG org.testng.TestNG - suiteXmlPath: "C:\Users\priyanshu\OpenCartV1\testng.xml"
09:31:47.933 [main] INFO  org.testng.internal.Utils - [TestNG] Running:
  C:\Users\priyanshu\OpenCartV1\testng.xml

09:42:39.830 [main] DEBUG org.testng.TestNG - suiteXmlPath: "C:\Users\priyanshu\OpenCartV1\testng.xml"
09:42:40.261 [main] INFO  org.testng.internal.Utils - [TestNG] Running:
  C:\Users\priyanshu\OpenCartV1\testng.xml

09:50:54.130 [main] DEBUG org.testng.TestNG - suiteXmlPath: "C:\Users\priyanshu\OpenCartV1\testng.xml"
09:50:54.552 [main] INFO  org.testng.internal.Utils - [TestNG] Running:
  C:\Users\priyanshu\OpenCartV1\testng.xml

10:38:08.288 [main] DEBUG org.testng.TestNG - suiteXmlPath: "C:\Users\priyanshu\OpenCartV1\testng.xml"
10:38:35.667 [main] DEBUG org.testng.TestNG - suiteXmlPath: "C:\Users\priyanshu\OpenCartV1\testng.xml"
10:38:52.935 [main] DEBUG org.testng.TestNG - suiteXmlPath: "C:\Users\priyanshu\OpenCartV1\testng.xml"
10:38:53.293 [main] INFO  org.testng.internal.Utils - [TestNG] Running:
  C:\Users\priyanshu\OpenCartV1\testng.xml

10:40:35.553 [main] DEBUG org.testng.TestNG - suiteXmlPath: "C:\Users\priyanshu\OpenCartV1\testng.xml"
10:40:35.950 [main] INFO  org.testng.internal.Utils - [TestNG] Running:
  C:\Users\priyanshu\OpenCartV1\testng.xml

10:41:22.732 [main] DEBUG org.testng.TestNG - suiteXmlPath: "C:\Users\priyanshu\AppData\Local\JetBrains\IntelliJIdea2025.3\temp-testng-customsuite.xml"
10:41:23.098 [main] INFO  org.testng.internal.Utils - [TestNG] Running:
  C:\Users\priyanshu\AppData\Local\JetBrains\IntelliJIdea2025.3\temp-testng-customsuite.xml

10:45:55.272 [main] DEBUG org.testng.TestNG - suiteXmlPath: "C:\Users\priyanshu\OpenCartV1\testng.xml"
10:45:55.691 [main] INFO  org.testng.internal.Utils - [TestNG] Running:
  C:\Users\priyanshu\OpenCartV1\testng.xml

10:50:50.664 [main] DEBUG org.testng.TestNG - suiteXmlPath: "C:\Users\priyanshu\OpenCartV1\testng.xml"
10:50:51.081 [main] INFO  org.testng.internal.Utils - [TestNG] Running:
  C:\Users\priyanshu\OpenCartV1\testng.xml

10:51:34.493 [main] DEBUG org.testng.TestNG - suiteXmlPath: "C:\Users\priyanshu\OpenCartV1\testng.xml"
10:51:34.872 [main] INFO  org.testng.internal.Utils - [TestNG] Running:
  C:\Users\priyanshu\OpenCartV1\testng.xml

10:52:37.337 [main] DEBUG org.testng.TestNG - suiteXmlPath: "C:\Users\priyanshu\OpenCartV1\testng.xml"
10:52:37.718 [main] INFO  org.testng.internal.Utils - [TestNG] Running:
  C:\Users\priyanshu\OpenCartV1\testng.xml

10:59:55.812 [main] DEBUG org.testng.TestNG - suiteXmlPath: "C:\Users\priyanshu\OpenCartV1\testng.xml"
10:59:56.209 [main] INFO  org.testng.internal.Utils - [TestNG] Running:
  C:\Users\priyanshu\OpenCartV1\testng.xml

11:00:31.512 [main] DEBUG org.testng.TestNG - suiteXmlPath: "C:\Users\priyanshu\OpenCartV1\testng.xml"
11:00:31.893 [main] INFO  org.testng.internal.Utils - [TestNG] Running:
  C:\Users\priyanshu\OpenCartV1\testng.xml

11:01:16.733 [main] DEBUG org.testng.TestNG - suiteXmlPath: "C:\Users\priyanshu\OpenCartV1\testng.xml"
11:01:17.113 [main] INFO  org.testng.internal.Utils - [TestNG] Running:
  C:\Users\priyanshu\OpenCartV1\testng.xml

11:01:33.186 [main] DEBUG org.testng.TestNG - suiteXmlPath: "C:\Users\priyanshu\OpenCartV1\testng.xml"
11:01:33.571 [main] INFO  org.testng.internal.Utils - [TestNG] Running:
  C:\Users\priyanshu\OpenCartV1\testng.xml

11:02:06.478 [main] DEBUG org.testng.TestNG - suiteXmlPath: "C:\Users\priyanshu\OpenCartV1\testng.xml"
11:02:06.858 [main] INFO  org.testng.internal.Utils - [TestNG] Running:
  C:\Users\priyanshu\OpenCartV1\testng.xml

11:02:33.299 [main] DEBUG org.testng.TestNG - suiteXmlPath: "C:\Users\priyanshu\OpenCartV1\testng.xml"
11:02:33.684 [main] INFO  org.testng.internal.Utils - [TestNG] Running:
  C:\Users\priyanshu\OpenCartV1\testng.xml

11:08:59.824 [main] DEBUG org.testng.TestNG - suiteXmlPath: "C:\Users\priyanshu\OpenCartV1\testng.xml"
11:09:00.245 [main] INFO  org.testng.internal.Utils - [TestNG] Running:
  C:\Users\priyanshu\OpenCartV1\testng.xml

11:09:28.757 [main] DEBUG org.testng.TestNG - suiteXmlPath: "C:\Users\priyanshu\OpenCartV1\testng.xml"
11:09:29.134 [main] INFO  org.testng.internal.Utils - [TestNG] Running:
  C:\Users\priyanshu\OpenCartV1\testng.xml

11:11:10.968 [main] DEBUG org.testng.TestNG - suiteXmlPath: "C:\Users\priyanshu\OpenCartV1\testng.xml"
11:11:11.345 [main] INFO  org.testng.internal.Utils - [TestNG] Running:
  C:\Users\priyanshu\OpenCartV1\testng.xml

11:15:36.453 [main] DEBUG org.testng.TestNG - suiteXmlPath: "C:\Users\priyanshu\OpenCartV1\testng.xml"
11:15:36.833 [main] INFO  org.testng.internal.Utils - [TestNG] Running:
  C:\Users\priyanshu\OpenCartV1\testng.xml

11:41:44.184 [main] DEBUG org.testng.TestNG - suiteXmlPath: "C:\Users\priyanshu\OpenCartV1\testng.xml"
11:41:44.571 [main] INFO  org.testng.internal.Utils - [TestNG] Running:
  C:\Users\priyanshu\OpenCartV1\testng.xml

11:43:40.179 [main] DEBUG org.testng.TestNG - suiteXmlPath: "C:\Users\priyanshu\OpenCartV1\testng.xml"
11:43:41.121 [main] INFO  org.testng.internal.Utils - [TestNG] Running:
  C:\Users\priyanshu\OpenCartV1\testng.xml

11:44:24.866 [main] DEBUG org.testng.TestNG - suiteXmlPath: "C:\Users\priyanshu\OpenCartV1\testng.xml"
11:44:25.239 [main] INFO  org.testng.internal.Utils - [TestNG] Running:
  C:\Users\priyanshu\OpenCartV1\testng.xml

11:45:04.157 [main] DEBUG org.testng.TestNG - suiteXmlPath: "C:\Users\priyanshu\OpenCartV1\testng.xml"
11:45:04.583 [main] INFO  org.testng.internal.Utils - [TestNG] Running:
  C:\Users\priyanshu\OpenCartV1\testng.xml

11:47:13.745 [main] DEBUG org.testng.TestNG - suiteXmlPath: "C:\Users\priyanshu\OpenCartV1\testng.xml"
11:47:14.125 [main] INFO  org.testng.internal.Utils - [TestNG] Running:
  C:\Users\priyanshu\OpenCartV1\testng.xml

11:48:00.446 [main] DEBUG org.testng.TestNG - suiteXmlPath: "C:\Users\priyanshu\OpenCartV1\testng.xml"
11:48:00.823 [main] INFO  org.testng.internal.Utils - [TestNG] Running:
  C:\Users\priyanshu\OpenCartV1\testng.xml

11:48:39.378 [main] DEBUG org.testng.TestNG - suiteXmlPath: "C:\Users\priyanshu\OpenCartV1\testng.xml"
11:48:39.755 [main] INFO  org.testng.internal.Utils - [TestNG] Running:
  C:\Users\priyanshu\OpenCartV1\testng.xml

12:00:20.335 [main] DEBUG org.testng.TestNG - suiteXmlPath: "C:\Users\priyanshu\OpenCartV1\testng.xml"
12:00:20.740 [main] INFO  org.testng.internal.Utils - [TestNG] Running:
  C:\Users\priyanshu\OpenCartV1\testng.xml

18:19:47.897 [main] DEBUG org.testng.TestNG - suiteXmlPath: "C:\Users\priyanshu\OpenCartV1\testng.xml"
18:19:48.486 [main] INFO  org.testng.internal.Utils - [TestNG] Running:
  C:\Users\priyanshu\OpenCartV1\testng.xml

18:39:39.523 [main] DEBUG org.testng.TestNG - suiteXmlPath: "C:\Users\priyanshu\OpenCartV1\testng.xml"
18:39:39.915 [main] INFO  org.testng.internal.Utils - [TestNG] Running:
  C:\Users\priyanshu\OpenCartV1\testng.xml

18:40:58.810 [main] DEBUG org.testng.TestNG - suiteXmlPath: "C:\Users\priyanshu\OpenCartV1\testng.xml"
18:40:59.201 [main] INFO  org.testng.internal.Utils - [TestNG] Running:
  C:\Users\priyanshu\OpenCartV1\testng.xml

19:00:32.605 [main] DEBUG org.testng.TestNG - suiteXmlPath: "C:\Users\priyanshu\OpenCartV1\testng.xml"
19:00:33.180 [main] INFO  org.testng.internal.Utils - [TestNG] Running:
  C:\Users\priyanshu\OpenCartV1\testng.xml

19:02:48.824 [main] DEBUG org.testng.TestNG - suiteXmlPath: "C:\Users\priyanshu\OpenCartV1\testng.xml"
19:02:49.209 [main] INFO  org.testng.internal.Utils - [TestNG] Running:
  C:\Users\priyanshu\OpenCartV1\testng.xml

14:03:35.675 [main] DEBUG org.testng.TestNG - suiteXmlPath: "C:\Users\priyanshu\OpenCartV1\testng.xml"
14:03:36.285 [main] INFO  org.testng.internal.Utils - [TestNG] Running:
  C:\Users\priyanshu\OpenCartV1\testng.xml

10:23:58.669 [main] DEBUG org.testng.TestNG - suiteXmlPath: "C:\Users\priyanshu\OpenCartV1\testng.xml"
10:23:59.239 [main] INFO  org.testng.internal.Utils - [TestNG] Running:
  C:\Users\priyanshu\OpenCartV1\testng.xml

10:24:58.112 [main] DEBUG org.testng.TestNG - suiteXmlPath: "C:\Users\priyanshu\OpenCartV1\testng.xml"
10:24:58.504 [main] INFO  org.testng.internal.Utils - [TestNG] Running:
  C:\Users\priyanshu\OpenCartV1\testng.xml

10:37:37.682 [main] DEBUG org.testng.TestNG - suiteXmlPath: "C:\Users\priyanshu\OpenCartV1\testng.xml"
10:37:38.066 [main] INFO  org.testng.internal.Utils - [TestNG] Running:
  C:\Users\priyanshu\OpenCartV1\testng.xml

10:38:11.849 [main] DEBUG org.testng.TestNG - suiteXmlPath: "C:\Users\priyanshu\OpenCartV1\testng.xml"
10:38:12.223 [main] INFO  org.testng.internal.Utils - [TestNG] Running:
  C:\Users\priyanshu\OpenCartV1\testng.xml

10:38:46.555 [main] DEBUG org.testng.TestNG - suiteXmlPath: "C:\Users\priyanshu\OpenCartV1\testng.xml"
10:38:46.966 [main] INFO  org.testng.internal.Utils - [TestNG] Running:
  C:\Users\priyanshu\OpenCartV1\testng.xml

10:49:32.607 [main] DEBUG org.testng.TestNG - suiteXmlPath: "C:\Users\priyanshu\OpenCartV1\testng.xml"
10:49:33.053 [main] INFO  org.testng.internal.Utils - [TestNG] Running:
  C:\Users\priyanshu\OpenCartV1\testng.xml

10:56:46.928 [main] DEBUG org.testng.TestNG - suiteXmlPath: "C:\Users\priyanshu\OpenCartV1\testng.xml"
10:56:47.339 [main] INFO  org.testng.internal.Utils - [TestNG] Running:
  C:\Users\priyanshu\OpenCartV1\testng.xml

10:58:27.455 [main] DEBUG org.testng.TestNG - suiteXmlPath: "C:\Users\priyanshu\OpenCartV1\testng.xml"
10:58:27.822 [main] INFO  org.testng.internal.Utils - [TestNG] Running:
  C:\Users\priyanshu\OpenCartV1\testng.xml

11:01:55.110 [main] DEBUG org.testng.TestNG - suiteXmlPath: "C:\Users\priyanshu\OpenCartV1\testng.xml"
11:01:55.481 [main] INFO  org.testng.internal.Utils - [TestNG] Running:
  C:\Users\priyanshu\OpenCartV1\testng.xml

11:06:43.595 [main] DEBUG org.testng.TestNG - suiteXmlPath: "C:\Users\priyanshu\OpenCartV1\testng.xml"
11:06:43.957 [main] INFO  org.testng.internal.Utils - [TestNG] Running:
  C:\Users\priyanshu\OpenCartV1\testng.xml

11:08:06.098 [main] DEBUG org.testng.TestNG - suiteXmlPath: "C:\Users\priyanshu\OpenCartV1\testng.xml"
11:08:06.491 [main] INFO  org.testng.internal.Utils - [TestNG] Running:
  C:\Users\priyanshu\OpenCartV1\testng.xml

11:51:59.944 [main] DEBUG org.testng.TestNG - suiteXmlPath: "C:\Users\priyanshu\OpenCartV1\testng.xml"
11:52:00.519 [main] INFO  org.testng.internal.Utils - [TestNG] Running:
  C:\Users\priyanshu\OpenCartV1\testng.xml

11:54:28.129 [main] DEBUG org.testng.TestNG - suiteXmlPath: "C:\Users\priyanshu\OpenCartV1\testng.xml"
11:54:28.594 [main] INFO  org.testng.internal.Utils - [TestNG] Running:
  C:\Users\priyanshu\OpenCartV1\testng.xml

11:56:19.802 [main] DEBUG org.testng.TestNG - suiteXmlPath: "C:\Users\priyanshu\OpenCartV1\testng.xml"
11:56:20.204 [main] INFO  org.testng.internal.Utils - [TestNG] Running:
  C:\Users\priyanshu\OpenCartV1\testng.xml

17:23:10.018 [main] DEBUG org.testng.TestNG - suiteXmlPath: "C:\Users\priyanshu\OpenCartV1\testng.xml"
17:23:10.448 [main] INFO  org.testng.internal.Utils - [TestNG] Running:
  C:\Users\priyanshu\OpenCartV1\testng.xml

17:27:16.366 [main] DEBUG org.testng.TestNG - suiteXmlPath: "C:\Users\priyanshu\OpenCartV1\testng.xml"
17:27:16.827 [main] INFO  org.testng.internal.Utils - [TestNG] Running:
  C:\Users\priyanshu\OpenCartV1\testng.xml

17:49:52.213 [main] DEBUG org.testng.TestNG - suiteXmlPath: "C:\Users\priyanshu\OpenCartV1\testng.xml"
17:49:52.929 [main] INFO  org.testng.internal.Utils - [TestNG] Running:
  C:\Users\priyanshu\OpenCartV1\testng.xml

18:31:06.952 [main] DEBUG org.testng.TestNG - suiteXmlPath: "C:\Users\priyanshu\OpenCartV1\testng.xml"
18:31:07.479 [main] INFO  org.testng.internal.Utils - [TestNG] Running:
  C:\Users\priyanshu\OpenCartV1\testng.xml

19:17:19.260 [main] DEBUG org.testng.TestNG - suiteXmlPath: "C:\Users\priyanshu\OpenCartV1\testng.xml"
19:17:19.825 [main] INFO  org.testng.internal.Utils - [TestNG] Running:
  C:\Users\priyanshu\OpenCartV1\testng.xml

19:26:11.125 [main] DEBUG org.testng.TestNG - suiteXmlPath: "C:\Users\priyanshu\OpenCartV1\testng.xml"
19:26:11.540 [main] INFO  org.testng.internal.Utils - [TestNG] Running:
  C:\Users\priyanshu\OpenCartV1\testng.xml

23:21:19.849 [main] DEBUG org.testng.TestNG - suiteXmlPath: "C:\Users\priyanshu\OpenCartV1\testng.xml"
23:21:20.521 [main] INFO  org.testng.internal.Utils - [TestNG] Running:
  C:\Users\priyanshu\OpenCartV1\testng.xml

16:21:55.701 [main] DEBUG org.testng.TestNG - suiteXmlPath: "C:\Users\priyanshu\OpenCartV1\testng.xml"
16:21:56.149 [main] INFO  org.testng.internal.Utils - [TestNG] Running:
  C:\Users\priyanshu\OpenCartV1\testng.xml

16:26:03.688 [main] DEBUG org.testng.TestNG - suiteXmlPath: "C:\Users\priyanshu\OpenCartV1\testng.xml"
16:26:04.075 [main] INFO  org.testng.internal.Utils - [TestNG] Running:
  C:\Users\priyanshu\OpenCartV1\testng.xml

17:07:47.857 [main] DEBUG org.testng.TestNG - suiteXmlPath: "C:\Users\priyanshu\OpenCartV1\testng.xml"
17:07:48.425 [main] INFO  org.testng.internal.Utils - [TestNG] Running:
  C:\Users\priyanshu\OpenCartV1\testng.xml

17:08:35.307 [main] DEBUG org.testng.TestNG - suiteXmlPath: "C:\Users\priyanshu\OpenCartV1\testng.xml"
17:08:35.687 [main] INFO  org.testng.internal.Utils - [TestNG] Running:
  C:\Users\priyanshu\OpenCartV1\testng.xml

19:57:10.466 [main] DEBUG org.testng.TestNG - suiteXmlPath: "C:\Users\priyanshu\OpenCartV1\testng.xml"
19:57:11.026 [main] INFO  org.testng.internal.Utils - [TestNG] Running:
  C:\Users\priyanshu\OpenCartV1\testng.xml

23:17:01.002 [main] DEBUG org.testng.TestNG - suiteXmlPath: "C:\Users\priyanshu\OpenCartV1\testng.xml"
23:17:01.562 [main] INFO  org.testng.internal.Utils - [TestNG] Running:
  C:\Users\priyanshu\OpenCartV1\testng.xml

23:18:08.312 [main] DEBUG org.testng.TestNG - suiteXmlPath: "C:\Users\priyanshu\OpenCartV1\testng.xml"
23:18:08.770 [main] INFO  org.testng.internal.Utils - [TestNG] Running:
  C:\Users\priyanshu\OpenCartV1\testng.xml

23:19:33.684 [main] DEBUG org.testng.TestNG - suiteXmlPath: "C:\Users\priyanshu\OpenCartV1\testng.xml"
23:19:34.107 [main] INFO  org.testng.internal.Utils - [TestNG] Running:
  C:\Users\priyanshu\OpenCartV1\testng.xml

23:20:30.001 [main] DEBUG org.testng.TestNG - suiteXmlPath: "C:\Users\priyanshu\OpenCartV1\testng.xml"
23:20:30.421 [main] INFO  org.testng.internal.Utils - [TestNG] Running:
  C:\Users\priyanshu\OpenCartV1\testng.xml

23:31:59.356 [main] DEBUG org.testng.TestNG - suiteXmlPath: "C:\Users\priyanshu\OpenCartV1\testng.xml"
23:31:59.944 [main] INFO  org.testng.internal.Utils - [TestNG] Running:
  C:\Users\priyanshu\OpenCartV1\testng.xml

23:34:55.733 [main] DEBUG org.testng.TestNG - suiteXmlPath: "C:\Users\priyanshu\OpenCartV1\testng.xml"
23:35:00.173 [main] INFO  org.testng.internal.Utils - [TestNG] Running:
  C:\Users\priyanshu\OpenCartV1\testng.xml

23:35:29.093 [main] DEBUG org.testng.TestNG - suiteXmlPath: "C:\Users\priyanshu\OpenCartV1\testng.xml"
23:35:29.503 [main] INFO  org.testng.internal.Utils - [TestNG] Running:
  C:\Users\priyanshu\OpenCartV1\testng.xml

23:36:20.206 [main] DEBUG org.testng.TestNG - suiteXmlPath: "C:\Users\priyanshu\OpenCartV1\testng.xml"
23:36:21.344 [main] INFO  org.testng.internal.Utils - [TestNG] Running:
  C:\Users\priyanshu\OpenCartV1\testng.xml

23:45:41.981 [main] DEBUG org.testng.TestNG - suiteXmlPath: "C:\Users\priyanshu\OpenCartV1\testng.xml"
23:45:42.783 [main] INFO  org.testng.internal.Utils - [TestNG] Running:
  C:\Users\priyanshu\OpenCartV1\testng.xml

23:46:22.175 [main] DEBUG org.testng.TestNG - suiteXmlPath: "C:\Users\priyanshu\OpenCartV1\testng.xml"
23:46:22.591 [main] INFO  org.testng.internal.Utils - [TestNG] Running:
  C:\Users\priyanshu\OpenCartV1\testng.xml

23:50:23.404 [main] DEBUG org.testng.TestNG - suiteXmlPath: "C:\Users\priyanshu\OpenCartV1\testng.xml"
23:50:23.956 [main] INFO  org.testng.internal.Utils - [TestNG] Running:
  C:\Users\priyanshu\OpenCartV1\testng.xml

23:59:06.936 [main] DEBUG org.testng.TestNG - suiteXmlPath: "C:\Users\priyanshu\OpenCartV1\testng.xml"
23:59:07.503 [main] INFO  org.testng.internal.Utils - [TestNG] Running:
  C:\Users\priyanshu\OpenCartV1\testng.xml

00:07:56.627 [main] DEBUG org.testng.TestNG - suiteXmlPath: "C:\Users\priyanshu\OpenCartV1\testng.xml"
00:07:57.222 [main] INFO  org.testng.internal.Utils - [TestNG] Running:
  C:\Users\priyanshu\OpenCartV1\testng.xml

00:47:25.886 [main] DEBUG org.testng.TestNG - suiteXmlPath: "C:\Users\priyanshu\OpenCartV1\testng.xml"
00:47:27.611 [main] INFO  org.testng.internal.Utils - [TestNG] Running:
  C:\Users\priyanshu\OpenCartV1\testng.xml

22:39:05.573 [main] DEBUG org.testng.TestNG - suiteXmlPath: "C:\Users\priyanshu\OpenCartV1\master.xml"
22:39:06.038 [main] INFO  org.testng.internal.Utils - [TestNG] Running:
  C:\Users\priyanshu\OpenCartV1\master.xml

22:39:18.189 [main] INFO  testCases.T001_AccountRegisterTest - **** Start the Case T001_AccountRegisterTest **** 
22:39:18.439 [main] INFO  testCases.T001_AccountRegisterTest - Clicked on my account
22:39:20.650 [main] INFO  testCases.T001_AccountRegisterTest - Clicked on Register Link
22:39:20.658 [main] INFO  testCases.T001_AccountRegisterTest - Providing Customer Info..
22:39:22.709 [main] INFO  testCases.T001_AccountRegisterTest - Validating Expected Message....
22:39:22.757 [main] INFO  testCases.T001_AccountRegisterTest - **** Finished T001_AccountRegisterTest ****
22:46:38.651 [main] DEBUG org.testng.TestNG - suiteXmlPath: "C:\Users\priyanshu\OpenCartV1\master.xml"
22:46:39.206 [main] INFO  org.testng.internal.Utils - [TestNG] Running:
  C:\Users\priyanshu\OpenCartV1\master.xml

22:46:46.349 [main] INFO  testCases.T001_AccountRegisterTest - **** Start the Case T001_AccountRegisterTest **** 
22:46:46.608 [main] INFO  testCases.T001_AccountRegisterTest - Clicked on my account
22:46:47.884 [main] INFO  testCases.T001_AccountRegisterTest - Clicked on Register Link
22:46:47.888 [main] INFO  testCases.T001_AccountRegisterTest - Providing Customer Info..
22:46:50.544 [main] INFO  testCases.T001_AccountRegisterTest - Validating Expected Message....
22:46:50.610 [main] INFO  testCases.T001_AccountRegisterTest - **** Finished T001_AccountRegisterTest ****
22:46:54.318 [main] INFO  testCases.T003_ForgotPasswordTest - **** Start T003_ForgotPasswordTest ****
22:46:59.566 [main] INFO  testCases.T003_ForgotPasswordTest - **** Finished T002_ForgotPasswordTest  ****
22:50:25.849 [main] DEBUG org.testng.TestNG - suiteXmlPath: "C:\Users\priyanshu\OpenCartV1\master.xml"
22:50:26.268 [main] INFO  org.testng.internal.Utils - [TestNG] Running:
  C:\Users\priyanshu\OpenCartV1\master.xml

22:50:35.562 [main] INFO  testCases.T005_LoginAfterChangingThePassword - **** Started T005_LoginAfterChangingThePassword Test ****
22:52:15.811 [main] DEBUG org.testng.TestNG - suiteXmlPath: "C:\Users\priyanshu\OpenCartV1\master.xml"
22:52:16.212 [main] INFO  org.testng.internal.Utils - [TestNG] Running:
  C:\Users\priyanshu\OpenCartV1\master.xml

22:52:25.134 [main] INFO  testCases.T005_LoginAfterChangingThePassword - **** Started T005_LoginAfterChangingThePassword Test ****
22:55:59.320 [main] DEBUG org.testng.TestNG - suiteXmlPath: "C:\Users\priyanshu\OpenCartV1\master.xml"
22:55:59.731 [main] INFO  org.testng.internal.Utils - [TestNG] Running:
  C:\Users\priyanshu\OpenCartV1\master.xml

22:56:08.759 [main] INFO  testCases.T005_LoginAfterChangingThePassword - **** Started T005_LoginAfterChangingThePassword Test ****
22:56:18.377 [main] INFO  testCases.T005_LoginAfterChangingThePassword - **** Finished T005_LoginAfterChangingThePassword Test ****
11:49:26.623 [main] DEBUG org.testng.TestNG - suiteXmlPath: "C:\Users\priyanshu\OpenCartV1\master.xml"
11:49:27.061 [main] INFO  org.testng.internal.Utils - [TestNG] Running:
  C:\Users\priyanshu\OpenCartV1\master.xml

11:50:24.057 [main] DEBUG org.testng.TestNG - suiteXmlPath: "C:\Users\priyanshu\OpenCartV1\master.xml"
11:50:24.482 [main] INFO  org.testng.internal.Utils - [TestNG] Running:
  C:\Users\priyanshu\OpenCartV1\master.xml

11:52:42.289 [main] DEBUG org.testng.TestNG - suiteXmlPath: "C:\Users\priyanshu\OpenCartV1\master.xml"
11:52:42.668 [main] INFO  org.testng.internal.Utils - [TestNG] Running:
  C:\Users\priyanshu\OpenCartV1\master.xml

11:56:38.993 [main] DEBUG org.testng.TestNG - suiteXmlPath: "C:\Users\priyanshu\OpenCartV1\master.xml"
11:56:39.400 [main] INFO  org.testng.internal.Utils - [TestNG] Running:
  C:\Users\priyanshu\OpenCartV1\master.xml

11:56:45.886 [main] INFO  testCases.T001_AccountRegisterTest - **** Start the Case T001_AccountRegisterTest **** 
11:56:46.125 [main] INFO  testCases.T001_AccountRegisterTest - Clicked on my account
11:56:46.673 [main] INFO  testCases.T001_AccountRegisterTest - Clicked on Register Link
11:56:46.678 [main] INFO  testCases.T001_AccountRegisterTest - Providing Customer Info..
11:56:49.082 [main] INFO  testCases.T001_AccountRegisterTest - Validating Expected Message....
11:56:49.352 [main] INFO  testCases.T001_AccountRegisterTest - **** Finished T001_AccountRegisterTest ****
12:02:31.368 [main] DEBUG org.testng.TestNG - suiteXmlPath: "C:\Users\priyanshu\OpenCartV1\master.xml"
12:02:31.791 [main] INFO  org.testng.internal.Utils - [TestNG] Running:
  C:\Users\priyanshu\OpenCartV1\master.xml

12:02:37.050 [main] INFO  testCases.T001_AccountRegisterTest - **** Start the Case T001_AccountRegisterTest **** 
12:02:37.290 [main] INFO  testCases.T001_AccountRegisterTest - Clicked on my account
12:02:37.794 [main] INFO  testCases.T001_AccountRegisterTest - Clicked on Register Link
12:02:37.802 [main] INFO  testCases.T001_AccountRegisterTest - Providing Customer Info..
12:02:39.856 [main] INFO  testCases.T001_AccountRegisterTest - Validating Expected Message....
12:02:40.329 [main] INFO  testCases.T001_AccountRegisterTest - **** Finished T001_AccountRegisterTest ****
12:14:40.004 [main] DEBUG org.testng.TestNG - suiteXmlPath: "C:\Users\priyanshu\OpenCartV1\master.xml"
12:14:40.593 [main] INFO  org.testng.internal.Utils - [TestNG] Running:
  C:\Users\priyanshu\OpenCartV1\master.xml

12:14:45.033 [main] INFO  testCases.T001_AccountRegisterTest - **** Start the Case T001_AccountRegisterTest **** 
12:14:45.233 [main] INFO  testCases.T001_AccountRegisterTest - Clicked on my account
12:14:45.712 [main] INFO  testCases.T001_AccountRegisterTest - Clicked on Register Link
12:14:45.715 [main] INFO  testCases.T001_AccountRegisterTest - Providing Customer Info..
12:14:48.190 [main] INFO  testCases.T001_AccountRegisterTest - Validating Expected Message....
12:14:48.384 [main] INFO  testCases.T001_AccountRegisterTest - **** Finished T001_AccountRegisterTest ****
12:14:51.915 [main] INFO  testCases.T004_LoginNavigationTest - ***  LoginNavigationTest  ***
13:03:23.795 [main] DEBUG org.testng.TestNG - suiteXmlPath: "C:\Users\priyanshu\OpenCartV1\master.xml"
13:03:24.293 [main] INFO  org.testng.internal.Utils - [TestNG] Running:
  C:\Users\priyanshu\OpenCartV1\master.xml

13:03:33.190 [main] INFO  testCases.T001_AccountRegisterTest - **** Start the Case T001_AccountRegisterTest **** 
13:03:33.386 [main] INFO  testCases.T001_AccountRegisterTest - Clicked on my account
13:03:34.649 [main] INFO  testCases.T001_AccountRegisterTest - Clicked on Register Link
13:03:34.654 [main] INFO  testCases.T001_AccountRegisterTest - Providing Customer Info..
13:03:37.660 [main] INFO  testCases.T001_AccountRegisterTest - Validating Expected Message....
13:03:37.708 [main] INFO  testCases.T001_AccountRegisterTest - **** Finished T001_AccountRegisterTest ****
13:03:40.862 [main] DEBUG org.apache.poi.openxml4j.opc.PackageRelationshipCollection - Parsing relationship: /xl/_rels/workbook.xml.rels
13:03:40.868 [main] DEBUG org.apache.poi.openxml4j.opc.PackageRelationshipCollection - Parsing relationship: /xl/worksheets/_rels/sheet1.xml.rels
13:03:40.872 [main] DEBUG org.apache.poi.openxml4j.opc.PackageRelationshipCollection - Parsing relationship: /_rels/.rels
13:03:41.859 [main] DEBUG org.apache.poi.openxml4j.opc.PackageRelationshipCollection - Parsing relationship: /xl/_rels/workbook.xml.rels
13:03:41.861 [main] DEBUG org.apache.poi.openxml4j.opc.PackageRelationshipCollection - Parsing relationship: /xl/worksheets/_rels/sheet1.xml.rels
13:03:41.864 [main] DEBUG org.apache.poi.openxml4j.opc.PackageRelationshipCollection - Parsing relationship: /_rels/.rels
13:03:41.896 [main] DEBUG org.apache.poi.openxml4j.opc.PackageRelationshipCollection - Parsing relationship: /xl/_rels/workbook.xml.rels
13:03:41.896 [main] DEBUG org.apache.poi.openxml4j.opc.PackageRelationshipCollection - Parsing relationship: /xl/worksheets/_rels/sheet1.xml.rels
13:03:41.901 [main] DEBUG org.apache.poi.openxml4j.opc.PackageRelationshipCollection - Parsing relationship: /_rels/.rels
13:03:41.941 [main] DEBUG org.apache.poi.openxml4j.opc.PackageRelationshipCollection - Parsing relationship: /xl/_rels/workbook.xml.rels
13:03:41.941 [main] DEBUG org.apache.poi.openxml4j.opc.PackageRelationshipCollection - Parsing relationship: /xl/worksheets/_rels/sheet1.xml.rels
13:03:41.941 [main] DEBUG org.apache.poi.openxml4j.opc.PackageRelationshipCollection - Parsing relationship: /_rels/.rels
13:03:41.988 [main] DEBUG org.apache.poi.openxml4j.opc.PackageRelationshipCollection - Parsing relationship: /xl/_rels/workbook.xml.rels
13:03:41.988 [main] DEBUG org.apache.poi.openxml4j.opc.PackageRelationshipCollection - Parsing relationship: /xl/worksheets/_rels/sheet1.xml.rels
13:03:41.999 [main] DEBUG org.apache.poi.openxml4j.opc.PackageRelationshipCollection - Parsing relationship: /_rels/.rels
13:03:42.050 [main] DEBUG org.apache.poi.openxml4j.opc.PackageRelationshipCollection - Parsing relationship: /xl/_rels/workbook.xml.rels
13:03:42.055 [main] DEBUG org.apache.poi.openxml4j.opc.PackageRelationshipCollection - Parsing relationship: /xl/worksheets/_rels/sheet1.xml.rels
13:03:42.058 [main] DEBUG org.apache.poi.openxml4j.opc.PackageRelationshipCollection - Parsing relationship: /_rels/.rels
13:03:42.112 [main] DEBUG org.apache.poi.openxml4j.opc.PackageRelationshipCollection - Parsing relationship: /xl/_rels/workbook.xml.rels
13:03:42.114 [main] DEBUG org.apache.poi.openxml4j.opc.PackageRelationshipCollection - Parsing relationship: /xl/worksheets/_rels/sheet1.xml.rels
13:03:42.117 [main] DEBUG org.apache.poi.openxml4j.opc.PackageRelationshipCollection - Parsing relationship: /_rels/.rels
13:03:42.188 [main] DEBUG org.apache.poi.openxml4j.opc.PackageRelationshipCollection - Parsing relationship: /xl/_rels/workbook.xml.rels
13:03:42.188 [main] DEBUG org.apache.poi.openxml4j.opc.PackageRelationshipCollection - Parsing relationship: /xl/worksheets/_rels/sheet1.xml.rels
13:03:42.192 [main] DEBUG org.apache.poi.openxml4j.opc.PackageRelationshipCollection - Parsing relationship: /_rels/.rels
13:03:42.308 [main] DEBUG org.apache.poi.openxml4j.opc.PackageRelationshipCollection - Parsing relationship: /xl/_rels/workbook.xml.rels
13:03:42.308 [main] DEBUG org.apache.poi.openxml4j.opc.PackageRelationshipCollection - Parsing relationship: /xl/worksheets/_rels/sheet1.xml.rels
13:03:42.325 [main] DEBUG org.apache.poi.openxml4j.opc.PackageRelationshipCollection - Parsing relationship: /_rels/.rels
13:03:42.379 [main] DEBUG org.apache.poi.openxml4j.opc.PackageRelationshipCollection - Parsing relationship: /xl/_rels/workbook.xml.rels
13:03:42.381 [main] DEBUG org.apache.poi.openxml4j.opc.PackageRelationshipCollection - Parsing relationship: /xl/worksheets/_rels/sheet1.xml.rels
13:03:42.381 [main] DEBUG org.apache.poi.openxml4j.opc.PackageRelationshipCollection - Parsing relationship: /_rels/.rels
13:03:42.432 [main] DEBUG org.apache.poi.openxml4j.opc.PackageRelationshipCollection - Parsing relationship: /xl/_rels/workbook.xml.rels
13:03:42.432 [main] DEBUG org.apache.poi.openxml4j.opc.PackageRelationshipCollection - Parsing relationship: /xl/worksheets/_rels/sheet1.xml.rels
13:03:42.435 [main] DEBUG org.apache.poi.openxml4j.opc.PackageRelationshipCollection - Parsing relationship: /_rels/.rels
13:03:42.467 [main] DEBUG org.apache.poi.openxml4j.opc.PackageRelationshipCollection - Parsing relationship: /xl/_rels/workbook.xml.rels
13:03:42.469 [main] DEBUG org.apache.poi.openxml4j.opc.PackageRelationshipCollection - Parsing relationship: /xl/worksheets/_rels/sheet1.xml.rels
13:03:42.471 [main] DEBUG org.apache.poi.openxml4j.opc.PackageRelationshipCollection - Parsing relationship: /_rels/.rels
13:03:42.520 [main] DEBUG org.apache.poi.openxml4j.opc.PackageRelationshipCollection - Parsing relationship: /xl/_rels/workbook.xml.rels
13:03:42.522 [main] DEBUG org.apache.poi.openxml4j.opc.PackageRelationshipCollection - Parsing relationship: /xl/worksheets/_rels/sheet1.xml.rels
13:03:42.524 [main] DEBUG org.apache.poi.openxml4j.opc.PackageRelationshipCollection - Parsing relationship: /_rels/.rels
13:03:42.567 [main] DEBUG org.apache.poi.openxml4j.opc.PackageRelationshipCollection - Parsing relationship: /xl/_rels/workbook.xml.rels
13:03:42.569 [main] DEBUG org.apache.poi.openxml4j.opc.PackageRelationshipCollection - Parsing relationship: /xl/worksheets/_rels/sheet1.xml.rels
13:03:42.571 [main] DEBUG org.apache.poi.openxml4j.opc.PackageRelationshipCollection - Parsing relationship: /_rels/.rels
